  Game.cpp
C:\Users\ADMIN\Documents\KMITL\M.E.G.A.T.R.O.N\M.E.G.A.T.R.O.N\Game.cpp(33,18): warning C4305: 'initializing': truncation from 'double' to 'float'
C:\Users\ADMIN\Documents\KMITL\M.E.G.A.T.R.O.N\M.E.G.A.T.R.O.N\Game.cpp(429,41): warning C4244: 'argument': conversion from 'int' to 'float', possible loss of data
C:\Users\ADMIN\Documents\KMITL\M.E.G.A.T.R.O.N\M.E.G.A.T.R.O.N\Game.cpp(429,30): warning C4244: 'argument': conversion from 'int' to 'float', possible loss of data
C:\Users\ADMIN\Documents\KMITL\M.E.G.A.T.R.O.N\M.E.G.A.T.R.O.N\Game.cpp(438,38): warning C4244: 'argument': conversion from 'int' to 'float', possible loss of data
C:\Users\ADMIN\Documents\KMITL\M.E.G.A.T.R.O.N\M.E.G.A.T.R.O.N\Game.cpp(438,27): warning C4244: 'argument': conversion from 'int' to 'float', possible loss of data
C:\Users\ADMIN\Documents\KMITL\M.E.G.A.T.R.O.N\M.E.G.A.T.R.O.N\Game.cpp(445,38): warning C4244: 'argument': conversion from 'int' to 'float', possible loss of data
C:\Users\ADMIN\Documents\KMITL\M.E.G.A.T.R.O.N\M.E.G.A.T.R.O.N\Game.cpp(445,27): warning C4244: 'argument': conversion from 'int' to 'float', possible loss of data
C:\Users\ADMIN\Documents\KMITL\M.E.G.A.T.R.O.N\M.E.G.A.T.R.O.N\Game.cpp(461,25): warning C4244: 'argument': conversion from 'int' to 'float', possible loss of data
C:\Users\ADMIN\Documents\KMITL\M.E.G.A.T.R.O.N\M.E.G.A.T.R.O.N\Game.cpp(461,22): warning C4244: 'argument': conversion from 'int' to 'float', possible loss of data
C:\Users\ADMIN\Documents\KMITL\M.E.G.A.T.R.O.N\M.E.G.A.T.R.O.N\Game.cpp(463,26): warning C4244: 'argument': conversion from 'int' to 'float', possible loss of data
C:\Users\ADMIN\Documents\KMITL\M.E.G.A.T.R.O.N\M.E.G.A.T.R.O.N\Game.cpp(463,22): warning C4244: 'argument': conversion from 'int' to 'float', possible loss of data
C:\Users\ADMIN\Documents\KMITL\M.E.G.A.T.R.O.N\M.E.G.A.T.R.O.N\Game.cpp(472,26): warning C4244: 'argument': conversion from 'int' to 'float', possible loss of data
C:\Users\ADMIN\Documents\KMITL\M.E.G.A.T.R.O.N\M.E.G.A.T.R.O.N\Game.cpp(472,22): warning C4244: 'argument': conversion from 'int' to 'float', possible loss of data
C:\Users\ADMIN\Documents\KMITL\M.E.G.A.T.R.O.N\M.E.G.A.T.R.O.N\Game.cpp(478,27): warning C4244: 'argument': conversion from 'int' to 'float', possible loss of data
C:\Users\ADMIN\Documents\KMITL\M.E.G.A.T.R.O.N\M.E.G.A.T.R.O.N\Game.cpp(478,23): warning C4244: 'argument': conversion from 'int' to 'float', possible loss of data
C:\Users\ADMIN\Documents\KMITL\M.E.G.A.T.R.O.N\M.E.G.A.T.R.O.N\Game.cpp(485,26): warning C4244: 'argument': conversion from 'int' to 'float', possible loss of data
C:\Users\ADMIN\Documents\KMITL\M.E.G.A.T.R.O.N\M.E.G.A.T.R.O.N\Game.cpp(485,22): warning C4244: 'argument': conversion from 'int' to 'float', possible loss of data
C:\Users\ADMIN\Documents\KMITL\M.E.G.A.T.R.O.N\M.E.G.A.T.R.O.N\Game.cpp(491,27): warning C4244: 'argument': conversion from 'int' to 'float', possible loss of data
C:\Users\ADMIN\Documents\KMITL\M.E.G.A.T.R.O.N\M.E.G.A.T.R.O.N\Game.cpp(491,23): warning C4244: 'argument': conversion from 'int' to 'float', possible loss of data
C:\Users\ADMIN\Documents\KMITL\M.E.G.A.T.R.O.N\M.E.G.A.T.R.O.N\Game.cpp(500,26): warning C4244: 'argument': conversion from 'int' to 'float', possible loss of data
C:\Users\ADMIN\Documents\KMITL\M.E.G.A.T.R.O.N\M.E.G.A.T.R.O.N\Game.cpp(500,22): warning C4244: 'argument': conversion from 'int' to 'float', possible loss of data
C:\Users\ADMIN\Documents\KMITL\M.E.G.A.T.R.O.N\M.E.G.A.T.R.O.N\Game.cpp(506,27): warning C4244: 'argument': conversion from 'int' to 'float', possible loss of data
C:\Users\ADMIN\Documents\KMITL\M.E.G.A.T.R.O.N\M.E.G.A.T.R.O.N\Game.cpp(506,23): warning C4244: 'argument': conversion from 'int' to 'float', possible loss of data
C:\Users\ADMIN\Documents\KMITL\M.E.G.A.T.R.O.N\M.E.G.A.T.R.O.N\Game.cpp(541,27): warning C4244: 'argument': conversion from 'int' to 'float', possible loss of data
C:\Users\ADMIN\Documents\KMITL\M.E.G.A.T.R.O.N\M.E.G.A.T.R.O.N\Game.cpp(541,23): warning C4244: 'argument': conversion from 'int' to 'float', possible loss of data
C:\Users\ADMIN\Documents\KMITL\M.E.G.A.T.R.O.N\M.E.G.A.T.R.O.N\Game.cpp(554,27): warning C4244: 'argument': conversion from 'int' to 'float', possible loss of data
C:\Users\ADMIN\Documents\KMITL\M.E.G.A.T.R.O.N\M.E.G.A.T.R.O.N\Game.cpp(554,23): warning C4244: 'argument': conversion from 'int' to 'float', possible loss of data
  Generating code
  5 of 444 functions ( 1.1%) were compiled, the rest were copied from previous compilation.
    0 functions were new in current compilation
    1 functions had inline decision re-evaluated but remain unchanged
  Finished generating code
  M.E.G.A.T.R.O.N.vcxproj -> C:\Users\ADMIN\Documents\KMITL\M.E.G.A.T.R.O.N\x64\Release\M.E.G.A.T.R.O.N.exe
