c:\users\admin\documents\งานณัฐ\m.e.g.a.t.r.o.n\m.e.g.a.t.r.o.n\x64\debug\vc142.pdb
c:\users\admin\documents\งานณัฐ\m.e.g.a.t.r.o.n\m.e.g.a.t.r.o.n\x64\debug\vc142.idb
c:\users\admin\documents\งานณัฐ\m.e.g.a.t.r.o.n\m.e.g.a.t.r.o.n\x64\debug\menuclass.obj
c:\users\admin\documents\งานณัฐ\m.e.g.a.t.r.o.n\m.e.g.a.t.r.o.n\x64\debug\m.e.g.a.t.r.o.n.obj
c:\users\admin\documents\งานณัฐ\m.e.g.a.t.r.o.n\m.e.g.a.t.r.o.n\x64\debug\game.obj
c:\users\admin\documents\งานณัฐ\m.e.g.a.t.r.o.n\m.e.g.a.t.r.o.n\x64\debug\scoreboard.obj
c:\users\admin\documents\งานณัฐ\m.e.g.a.t.r.o.n\m.e.g.a.t.r.o.n\x64\debug\menu.obj
c:\users\admin\documents\งานณัฐ\m.e.g.a.t.r.o.n\m.e.g.a.t.r.o.n\x64\debug\m.e.g.a.t.r.o.n.obj.enc
c:\users\admin\documents\งานณัฐ\m.e.g.a.t.r.o.n\m.e.g.a.t.r.o.n\x64\debug\scoreboard.obj.enc
c:\users\admin\documents\งานณัฐ\m.e.g.a.t.r.o.n\x64\debug\m.e.g.a.t.r.o.n.pdb
c:\users\admin\documents\งานณัฐ\m.e.g.a.t.r.o.n\m.e.g.a.t.r.o.n\x64\debug\m.e.g.a.t.r.o.n.tlog\cl.command.1.tlog
c:\users\admin\documents\งานณัฐ\m.e.g.a.t.r.o.n\m.e.g.a.t.r.o.n\x64\debug\m.e.g.a.t.r.o.n.tlog\cl.read.1.tlog
c:\users\admin\documents\งานณัฐ\m.e.g.a.t.r.o.n\m.e.g.a.t.r.o.n\x64\debug\m.e.g.a.t.r.o.n.tlog\cl.write.1.tlog
c:\users\admin\documents\งานณัฐ\m.e.g.a.t.r.o.n\m.e.g.a.t.r.o.n\x64\debug\m.e.g.a.t.r.o.n.tlog\link-cvtres.read.1.tlog
c:\users\admin\documents\งานณัฐ\m.e.g.a.t.r.o.n\m.e.g.a.t.r.o.n\x64\debug\m.e.g.a.t.r.o.n.tlog\link-cvtres.write.1.tlog
c:\users\admin\documents\งานณัฐ\m.e.g.a.t.r.o.n\m.e.g.a.t.r.o.n\x64\debug\m.e.g.a.t.r.o.n.tlog\link-rc.read.1.tlog
c:\users\admin\documents\งานณัฐ\m.e.g.a.t.r.o.n\m.e.g.a.t.r.o.n\x64\debug\m.e.g.a.t.r.o.n.tlog\link-rc.write.1.tlog
c:\users\admin\documents\งานณัฐ\m.e.g.a.t.r.o.n\m.e.g.a.t.r.o.n\x64\debug\m.e.g.a.t.r.o.n.tlog\link.17104-cvtres.read.1.tlog
c:\users\admin\documents\งานณัฐ\m.e.g.a.t.r.o.n\m.e.g.a.t.r.o.n\x64\debug\m.e.g.a.t.r.o.n.tlog\link.17104-cvtres.write.1.tlog
c:\users\admin\documents\งานณัฐ\m.e.g.a.t.r.o.n\m.e.g.a.t.r.o.n\x64\debug\m.e.g.a.t.r.o.n.tlog\link.17104-rc.read.1.tlog
c:\users\admin\documents\งานณัฐ\m.e.g.a.t.r.o.n\m.e.g.a.t.r.o.n\x64\debug\m.e.g.a.t.r.o.n.tlog\link.17104-rc.write.1.tlog
c:\users\admin\documents\งานณัฐ\m.e.g.a.t.r.o.n\m.e.g.a.t.r.o.n\x64\debug\m.e.g.a.t.r.o.n.tlog\link.17104.read.1.tlog
c:\users\admin\documents\งานณัฐ\m.e.g.a.t.r.o.n\m.e.g.a.t.r.o.n\x64\debug\m.e.g.a.t.r.o.n.tlog\link.17104.write.1.tlog
c:\users\admin\documents\งานณัฐ\m.e.g.a.t.r.o.n\m.e.g.a.t.r.o.n\x64\debug\m.e.g.a.t.r.o.n.tlog\link.command.1.tlog
c:\users\admin\documents\งานณัฐ\m.e.g.a.t.r.o.n\m.e.g.a.t.r.o.n\x64\debug\m.e.g.a.t.r.o.n.tlog\link.read.1.tlog
c:\users\admin\documents\งานณัฐ\m.e.g.a.t.r.o.n\m.e.g.a.t.r.o.n\x64\debug\m.e.g.a.t.r.o.n.tlog\link.write.1.tlog
